  stdafx.cpp
  ts_vs.cpp
ts_vs.cpp(46): warning C4996: 'sprintf': This function or variable may be unsafe. Consider using sprintf_s instead. To disable deprecation, use _CRT_SECURE_NO_WARNINGS. See online help for details.
  C:\Program Files (x86)\Windows Kits\10\Include\10.0.14393.0\ucrt\stdio.h(1769): note: 参见“sprintf”的声明
ts_vs.cpp(47): warning C4996: 'fopen': This function or variable may be unsafe. Consider using fopen_s instead. To disable deprecation, use _CRT_SECURE_NO_WARNINGS. See online help for details.
  C:\Program Files (x86)\Windows Kits\10\Include\10.0.14393.0\ucrt\stdio.h(207): note: 参见“fopen”的声明
ts_vs.cpp(54): warning C4996: 'sscanf': This function or variable may be unsafe. Consider using sscanf_s instead. To disable deprecation, use _CRT_SECURE_NO_WARNINGS. See online help for details.
  C:\Program Files (x86)\Windows Kits\10\Include\10.0.14393.0\ucrt\stdio.h(2254): note: 参见“sscanf”的声明
ts_vs.cpp(59): warning C4996: 'fscanf': This function or variable may be unsafe. Consider using fscanf_s instead. To disable deprecation, use _CRT_SECURE_NO_WARNINGS. See online help for details.
  C:\Program Files (x86)\Windows Kits\10\Include\10.0.14393.0\ucrt\stdio.h(1192): note: 参见“fscanf”的声明
ts_vs.cpp(74): warning C4996: 'fopen': This function or variable may be unsafe. Consider using fopen_s instead. To disable deprecation, use _CRT_SECURE_NO_WARNINGS. See online help for details.
  C:\Program Files (x86)\Windows Kits\10\Include\10.0.14393.0\ucrt\stdio.h(207): note: 参见“fopen”的声明
ts_vs.cpp(42): warning C4101: “k”: 未引用的局部变量
ts_vs.cpp(90): warning C4101: “i”: 未引用的局部变量
ts_vs.cpp(134): warning C4244: “=”: 从“__int64”转换到“int”，可能丢失数据
ts_vs.cpp(95): warning C4101: “j”: 未引用的局部变量
ts_vs.cpp(140): warning C4101: “delt”: 未引用的局部变量
ts_vs.cpp(220): warning C4244: “=”: 从“__int64”转换到“int”，可能丢失数据
  正在生成代码
  All 31 functions were compiled because no usable IPDB/IOBJ from previous compilation was found.
  已完成代码的生成
  ts_vs.vcxproj -> C:\Users\23527\Desktop\优化\graph_ts\ts_vs\Release\ts_vs.exe
